Determining if the pthread_create exist failed with the following output:
Change Dir: /home/valerio/slampbenchmarking/build/CMakeFiles/CMakeTmp

Run Build Command:"/usr/bin/make" "cmTC_143d9/fast"
/usr/bin/make -f CMakeFiles/cmTC_143d9.dir/build.make CMakeFiles/cmTC_143d9.dir/build
make[1]: ingresso nella directory "/home/valerio/slampbenchmarking/build/CMakeFiles/CMakeTmp"
Building C object CMakeFiles/cmTC_143d9.dir/CheckSymbolExists.c.o
/usr/bin/cc     -o CMakeFiles/cmTC_143d9.dir/CheckSymbolExists.c.o   -c /home/valerio/slampbenchmarking/build/CMakeFiles/CMakeTmp/CheckSymbolExists.c
Linking C executable cmTC_143d9
/usr/bin/cmake -E cmake_link_script CMakeFiles/cmTC_143d9.dir/link.txt --verbose=1
/usr/bin/cc       CMakeFiles/cmTC_143d9.dir/CheckSymbolExists.c.o  -o cmTC_143d9 -rdynamic 
CMakeFiles/cmTC_143d9.dir/CheckSymbolExists.c.o: nella funzione "main":
CheckSymbolExists.c:(.text+0x16): riferimento non definito a "pthread_create"
collect2: error: ld returned 1 exit status
CMakeFiles/cmTC_143d9.dir/build.make:97: set di istruzioni per l'obiettivo "cmTC_143d9" non riuscito
make[1]: *** [cmTC_143d9] Errore 1
make[1]: uscita dalla directory "/home/valerio/slampbenchmarking/build/CMakeFiles/CMakeTmp"
Makefile:126: set di istruzioni per l'obiettivo "cmTC_143d9/fast" non riuscito
make: *** [cmTC_143d9/fast] Errore 2

File /home/valerio/slampbenchmarking/build/CMakeFiles/CMakeTmp/CheckSymbolExists.c:
/* */
#include <pthread.h>

int main(int argc, char** argv)
{
  (void)argv;
#ifndef pthread_create
  return ((int*)(&pthread_create))[argc];
#else
  (void)argc;
  return 0;
#endif
}

Determining if the function pthread_create exists in the pthreads failed with the following output:
Change Dir: /home/valerio/slampbenchmarking/build/CMakeFiles/CMakeTmp

Run Build Command:"/usr/bin/make" "cmTC_8033c/fast"
/usr/bin/make -f CMakeFiles/cmTC_8033c.dir/build.make CMakeFiles/cmTC_8033c.dir/build
make[1]: ingresso nella directory "/home/valerio/slampbenchmarking/build/CMakeFiles/CMakeTmp"
Building C object CMakeFiles/cmTC_8033c.dir/CheckFunctionExists.c.o
/usr/bin/cc    -DCHECK_FUNCTION_EXISTS=pthread_create   -o CMakeFiles/cmTC_8033c.dir/CheckFunctionExists.c.o   -c /usr/share/cmake-3.5/Modules/CheckFunctionExists.c
Linking C executable cmTC_8033c
/usr/bin/cmake -E cmake_link_script CMakeFiles/cmTC_8033c.dir/link.txt --verbose=1
/usr/bin/cc   -DCHECK_FUNCTION_EXISTS=pthread_create    CMakeFiles/cmTC_8033c.dir/CheckFunctionExists.c.o  -o cmTC_8033c -rdynamic -lpthreads 
/usr/bin/ld: impossibile trovare -lpthreads
collect2: error: ld returned 1 exit status
CMakeFiles/cmTC_8033c.dir/build.make:97: set di istruzioni per l'obiettivo "cmTC_8033c" non riuscito
make[1]: *** [cmTC_8033c] Errore 1
make[1]: uscita dalla directory "/home/valerio/slampbenchmarking/build/CMakeFiles/CMakeTmp"
Makefile:126: set di istruzioni per l'obiettivo "cmTC_8033c/fast" non riuscito
make: *** [cmTC_8033c/fast] Errore 2


Determining if the include file pgm.h exists failed with the following output:
Change Dir: /home/valerio/slampbenchmarking/build/CMakeFiles/CMakeTmp

Run Build Command:"/usr/bin/make" "cmTC_06e79/fast"
/usr/bin/make -f CMakeFiles/cmTC_06e79.dir/build.make CMakeFiles/cmTC_06e79.dir/build
make[1]: ingresso nella directory "/home/valerio/slampbenchmarking/build/CMakeFiles/CMakeTmp"
Building CXX object CMakeFiles/cmTC_06e79.dir/CheckIncludeFile.cxx.o
/usr/bin/c++      -o CMakeFiles/cmTC_06e79.dir/CheckIncludeFile.cxx.o -c /home/valerio/slampbenchmarking/build/CMakeFiles/CMakeTmp/CheckIncludeFile.cxx
/home/valerio/slampbenchmarking/build/CMakeFiles/CMakeTmp/CheckIncludeFile.cxx:1:17: fatal error: pgm.h: File o directory non esistente
compilation terminated.
CMakeFiles/cmTC_06e79.dir/build.make:65: set di istruzioni per l'obiettivo "CMakeFiles/cmTC_06e79.dir/CheckIncludeFile.cxx.o" non riuscito
make[1]: *** [CMakeFiles/cmTC_06e79.dir/CheckIncludeFile.cxx.o] Errore 1
make[1]: uscita dalla directory "/home/valerio/slampbenchmarking/build/CMakeFiles/CMakeTmp"
Makefile:126: set di istruzioni per l'obiettivo "cmTC_06e79/fast" non riuscito
make: *** [cmTC_06e79/fast] Errore 2


